2025-05-18 01:02:09,220 - INFO - Starting healthcare support system training...
2025-05-18 01:02:14,059 - INFO - Loading and preparing dataset...
2025-05-18 01:02:14,060 - ERROR - An error occurred during training: string indices must be integers, not 'str'
2025-05-18 01:03:26,714 - INFO - Starting healthcare support system training...
2025-05-18 01:03:27,229 - INFO - Loading and preparing dataset...
2025-05-18 01:03:27,236 - ERROR - An error occurred during training: '<' not supported between instances of 'int' and 'ellipsis'
2025-05-18 01:04:18,552 - INFO - Starting healthcare support system training...
2025-05-18 01:04:18,982 - INFO - Loading and preparing dataset...
2025-05-18 01:04:18,989 - ERROR - An error occurred during training: '<' not supported between instances of 'int' and 'ellipsis'
2025-05-18 01:05:09,433 - INFO - Starting healthcare support system training...
2025-05-18 01:05:10,368 - INFO - Loading and preparing dataset...
2025-05-18 01:05:10,488 - INFO - Dataset sizes: Train=7, Val=1, Test=1
2025-05-18 01:05:10,488 - INFO - Initializing trainer...
2025-05-18 01:06:06,196 - INFO - Starting training...
2025-05-18 01:06:06,196 - ERROR - An error occurred during training: TrainingArguments.__init__() got an unexpected keyword argument 'evaluation_strategy'
2025-05-18 01:08:07,441 - INFO - Starting healthcare support system training...
2025-05-18 01:08:07,924 - INFO - Loading and preparing dataset...
2025-05-18 01:08:08,046 - INFO - Dataset sizes: Train=7, Val=1, Test=1
2025-05-18 01:08:08,047 - INFO - Initializing trainer...
2025-05-18 01:08:10,659 - INFO - Starting training...
2025-05-18 01:08:10,660 - ERROR - An error occurred during training: --load_best_model_at_end requires the save and eval strategy to match, but found
- Evaluation strategy: IntervalStrategy.NO
- Save strategy: SaveStrategy.STEPS
2025-05-18 01:09:13,482 - INFO - Starting healthcare support system training...
2025-05-18 01:09:13,936 - INFO - Loading and preparing dataset...
2025-05-18 01:09:14,059 - INFO - Dataset sizes: Train=7, Val=1, Test=1
2025-05-18 01:09:14,060 - INFO - Initializing trainer...
2025-05-18 01:09:16,602 - INFO - Starting training...
2025-05-18 01:09:16,603 - ERROR - An error occurred during training: TrainingArguments.__init__() got an unexpected keyword argument 'evaluation_strategy'
2025-05-18 01:11:39,307 - INFO - Starting healthcare support system training...
2025-05-18 01:11:39,810 - INFO - Loading and preparing dataset...
2025-05-18 01:11:39,956 - INFO - Dataset sizes: Train=7, Val=1, Test=1
2025-05-18 01:11:39,956 - INFO - Initializing trainer...
2025-05-18 01:11:42,560 - INFO - Starting training...
2025-05-18 01:20:23,931 - INFO - Evaluating model...
2025-05-18 01:20:26,491 - ERROR - An error occurred during training: You must call wandb.init() before wandb.log()
2025-05-18 01:21:50,858 - INFO - Starting healthcare support system training...
2025-05-18 01:21:51,369 - INFO - Loading and preparing dataset...
2025-05-18 01:21:51,370 - ERROR - An error occurred during training: string indices must be integers, not 'str'
2025-05-18 01:22:50,245 - INFO - Starting healthcare support system training...
2025-05-18 01:22:50,681 - INFO - Loading and preparing dataset...
2025-05-18 01:22:50,697 - ERROR - An error occurred during training: '<' not supported between instances of 'int' and 'ellipsis'
2025-05-18 01:23:58,602 - INFO - Starting healthcare support system training...
2025-05-18 01:23:59,601 - INFO - Loading and preparing dataset...
2025-05-18 01:23:59,607 - ERROR - An error occurred during training: test_size=0 should be either positive and smaller than the number of samples 9 or a float in the (0, 1) range
2025-05-18 01:24:48,683 - INFO - Starting healthcare support system training...
2025-05-18 01:24:49,105 - INFO - Loading and preparing dataset...
2025-05-18 01:24:49,262 - INFO - Dataset sizes: Train=7, Val=1, Test=1
2025-05-18 01:24:49,263 - INFO - Initializing trainer...
2025-05-18 01:24:51,709 - INFO - Starting training...
2025-05-18 01:24:51,709 - ERROR - An error occurred during training: TrainingArguments.__init__() got an unexpected keyword argument 'evaluation_strategy'
2025-05-18 01:25:40,406 - INFO - Starting healthcare support system training...
2025-05-18 01:25:40,864 - INFO - Loading and preparing dataset...
2025-05-18 01:25:40,990 - INFO - Dataset sizes: Train=7, Val=1, Test=1
2025-05-18 01:25:40,990 - INFO - Initializing trainer...
2025-05-18 01:25:42,969 - INFO - Starting training...
2025-05-18 01:25:42,969 - ERROR - An error occurred during training: --load_best_model_at_end requires the save and eval strategy to match, but found
- Evaluation strategy: IntervalStrategy.NO
- Save strategy: SaveStrategy.STEPS
2025-05-18 01:26:36,484 - INFO - Starting healthcare support system training...
2025-05-18 01:26:36,942 - INFO - Loading and preparing dataset...
2025-05-18 01:26:37,071 - INFO - Dataset sizes: Train=7, Val=1, Test=1
2025-05-18 01:26:37,071 - INFO - Initializing trainer...
2025-05-18 01:26:39,002 - INFO - Starting training...
2025-05-18 01:26:39,003 - ERROR - An error occurred during training: TrainingArguments.__init__() got an unexpected keyword argument 'evaluation_strategy'
2025-05-18 01:27:29,864 - INFO - Starting healthcare support system training...
2025-05-18 01:27:30,336 - INFO - Loading and preparing dataset...
2025-05-18 01:27:30,472 - INFO - Dataset sizes: Train=7, Val=1, Test=1
2025-05-18 01:27:30,473 - INFO - Initializing trainer...
2025-05-18 01:27:32,394 - INFO - Starting training...
2025-05-18 01:33:24,974 - INFO - Evaluating model...
2025-05-18 01:33:27,343 - ERROR - An error occurred during training: You must call wandb.init() before wandb.log()
2025-05-18 01:48:14,257 - INFO - Starting healthcare support system training...
2025-05-18 01:48:14,885 - INFO - Loading and preparing dataset...
2025-05-18 01:48:14,897 - ERROR - An error occurred during training: '<' not supported between instances of 'int' and 'ellipsis'
2025-05-18 01:49:05,437 - INFO - Starting healthcare support system training...
2025-05-18 01:49:05,890 - INFO - Loading and preparing dataset...
2025-05-18 01:49:06,056 - INFO - Dataset sizes: Train=19, Val=3, Test=3
2025-05-18 01:49:06,057 - INFO - Initializing trainer...
2025-05-18 01:49:08,401 - INFO - Starting training...
2025-05-18 01:49:08,402 - ERROR - An error occurred during training: TrainingArguments.__init__() got an unexpected keyword argument 'evaluation_strategy'
2025-05-18 01:50:00,995 - INFO - Starting healthcare support system training...
2025-05-18 01:50:01,466 - INFO - Loading and preparing dataset...
2025-05-18 01:50:01,611 - INFO - Dataset sizes: Train=19, Val=3, Test=3
2025-05-18 01:50:01,611 - INFO - Initializing trainer...
2025-05-18 01:50:03,556 - INFO - Starting training...
2025-05-18 01:50:03,556 - ERROR - An error occurred during training: TrainingArguments.__init__() got an unexpected keyword argument 'evaluation_strategy'
2025-05-18 01:51:01,678 - INFO - Starting healthcare support system training...
2025-05-18 01:51:02,140 - INFO - Loading and preparing dataset...
2025-05-18 01:51:02,287 - INFO - Dataset sizes: Train=19, Val=3, Test=3
2025-05-18 01:51:02,288 - INFO - Initializing trainer...
2025-05-18 01:51:04,224 - INFO - Starting training...
2025-05-18 01:51:04,224 - ERROR - An error occurred during training: --load_best_model_at_end requires the save and eval strategy to match, but found
- Evaluation strategy: IntervalStrategy.NO
- Save strategy: SaveStrategy.STEPS
2025-05-18 01:51:45,206 - INFO - Starting healthcare support system training...
2025-05-18 01:51:45,670 - INFO - Loading and preparing dataset...
2025-05-18 01:51:45,815 - INFO - Dataset sizes: Train=19, Val=3, Test=3
2025-05-18 01:51:45,816 - INFO - Initializing trainer...
2025-05-18 01:51:48,000 - INFO - Starting training...
2025-05-18 01:51:48,000 - ERROR - An error occurred during training: TrainingArguments.__init__() got an unexpected keyword argument 'evaluation_strategy'
2025-05-18 01:53:13,827 - INFO - Starting healthcare support system training...
2025-05-18 01:53:14,300 - INFO - Loading and preparing dataset...
2025-05-18 01:53:14,446 - INFO - Dataset sizes: Train=19, Val=3, Test=3
2025-05-18 01:53:14,447 - INFO - Initializing trainer...
2025-05-18 01:53:16,364 - INFO - Starting training...
2025-05-18 01:53:16,364 - ERROR - An error occurred during training: --load_best_model_at_end requires the save and eval strategy to match, but found
- Evaluation strategy: IntervalStrategy.NO
- Save strategy: SaveStrategy.STEPS
2025-05-18 01:55:49,071 - INFO - Using device: cpu
2025-05-18 01:55:49,076 - INFO - Starting healthcare support system training...
2025-05-18 01:55:49,077 - INFO - Model configuration: ModelConfig(model_name='roberta-base', max_length=512, batch_size=16, learning_rate=5e-05, num_epochs=5, warmup_steps=1000, weight_decay=0.01, train_split=0.8, eval_split=0.1, test_split=0.1, hidden_dropout_prob=0.2, train_data_path='data/train.json', eval_data_path='data/eval.json', model_output_dir='models/healthcare-support-bot', enable_logging=False, wandb_project='healthcare-support-bot', intent_labels=['schedule_appointment', 'interpret_report', 'general_inquiry', 'escalate_to_human', 'other'])
2025-05-18 01:55:50,033 - INFO - Loading and preparing dataset...
2025-05-18 01:55:50,167 - INFO - Dataset sizes: Train=19, Val=3, Test=3
2025-05-18 01:55:50,167 - INFO - Initializing trainer...
2025-05-18 01:55:50,665 - INFO - Starting training...
2025-05-18 01:55:50,665 - ERROR - An error occurred during training: TrainingArguments.__init__() got an unexpected keyword argument 'evaluation_strategy'
Traceback (most recent call last):
  File "C:\Users\terenz\Projects\Others\CodeBreak\ai-training\train_healthcare.py", line 63, in main
    trained_trainer = trainer.train(
        train_dataset=train_dataset,
        eval_dataset=val_dataset,
        output_dir=config.model_output_dir
    )
  File "C:\Users\terenz\Projects\Others\CodeBreak\ai-training\src\train\healthcare_trainer.py", line 52, in train
    training_args = TrainingArguments(
        output_dir=output_dir,
    ...<19 lines>...
        dataloader_num_workers=0
    )
TypeError: TrainingArguments.__init__() got an unexpected keyword argument 'evaluation_strategy'
